<?xml version="1.0" encoding="UTF-8"?>
<Site BuildName="(empty)"
	BuildStamp="20210925-1739-Experimental"
	Name="turing-machine"
	Generator="ctest-3.5.1"
	CompilerName="/usr/bin/x86_64-linux-gnu-g++-5"
	CompilerVersion="5.4.0"
	OSName="Linux"
	Hostname="turing-machine"
	OSRelease="4.15.9-041509-generic"
	OSVersion="#201803111231 SMP Sun Mar 11 16:34:36 UTC 2018"
	OSPlatform="x86_64"
	Is64Bits="1"
	VendorString="GenuineIntel"
	VendorID="Intel Corporation"
	FamilyID="6"
	ModelID="142"
	ProcessorCacheSize="6144"
	NumberOfLogicalCPU="8"
	NumberOfPhysicalCPU="1"
	TotalVirtualMemory="1952"
	TotalPhysicalMemory="7712"
	LogicalProcessorsPerPhysical="8"
	ProcessorClockFrequency="3338.67"
	>
	<Testing>
		<StartDateTime>Sep 25 23:09 IST</StartDateTime>
		<StartTestTime>1632591585</StartTestTime>
		<TestList/>
		<EndDateTime>Sep 25 23:09 IST</EndDateTime>
		<EndTestTime>1632591585</EndTestTime>
		<ElapsedMinutes>0</ElapsedMinutes>
	</Testing>
</Site>
